<?xml version="1.0" encoding="UTF-8"?>
<!-- Generated by org.testng.reporters.JUnitReportReporter -->
<testsuite name="org.testing.TestScripts.PostRequestTC" tests="1" time="2.196" ignored="0" failures="0" timestamp="08 Jul 2020 18:44:05 GMT" skipped="0" hostname="del1-lhp-n69559" errors="0">
  <testcase name="testcase1" time="2.196" classname="org.testing.TestScripts.PostRequestTC"/>
</testsuite> <!-- org.testing.TestScripts.PostRequestTC -->
