<?xml version="1.0" encoding="UTF-8"?>
<!-- Generated by org.testng.reporters.JUnitReportReporter -->
<testsuite name="org.testing.TestScripts.AllGetRequestTC" tests="1" time="0.077" ignored="0" failures="0" timestamp="08 Jul 2020 18:44:05 GMT" skipped="0" hostname="del1-lhp-n69559" errors="0">
  <testcase name="Testcase3" time="0.077" classname="org.testing.TestScripts.AllGetRequestTC"/>
</testsuite> <!-- org.testing.TestScripts.AllGetRequestTC -->
