<?xml version="1.0" encoding="UTF-8"?>
<!-- Generated by org.testng.reporters.JUnitReportReporter -->
<testsuite name="org.testing.TestScripts.TC8" tests="1" time="0.036" ignored="0" failures="0" timestamp="08 Jul 2020 18:44:05 GMT" skipped="0" hostname="del1-lhp-n69559" errors="0">
  <testcase name="Testcase8" time="0.036" classname="org.testing.TestScripts.TC8"/>
</testsuite> <!-- org.testing.TestScripts.TC8 -->
